<?xml version="1.0" encoding="UTF-8"?>
<testsuite xmlns:xsi="http://www.w3.org/2001/XMLSchema-instance" xsi:noNamespaceSchemaLocation="https://maven.apache.org/surefire/maven-surefire-plugin/xsd/surefire-test-report.xsd" version="3.0.2" name="TestSuite" time="22.399" tests="4" errors="0" skipped="0" failures="0">
  <properties>
[...]
</properties>
  <testcase name="runScenario[&quot;Login Feature with valid credentials&quot;, &quot;Login Feature&quot;](1)" classname="Runner.LoginRunnerFile" time="10.021">
    <system-out><![CDATA[
@LoginPagee @validCredentials
Scenario: Login Feature with valid credentials &amp#27;[90m# src/test/resources/features/Login.feature:4&amp#27;[0m
  &amp#27;[32mGiven &amp#27;[0m&amp#27;[32mI am in the SauceDemo Login Page&amp#27;[0m       &amp#27;[90m# StepDefinition.LoginStepDefinition.i_am_in_the_sauce_demo_login_page()&amp#27;[0m
  &amp#27;[32mWhen &amp#27;[0m&amp#27;[32mUser provides the valid User name&amp#27;[0m       &amp#27;[90m# StepDefinition.LoginStepDefinition.user_provides_the_valid_user_name()&amp#27;[0m
  &amp#27;[32mAnd &amp#27;[0m&amp#27;[32mUser provides the valid password&amp#27;[0m         &amp#27;[90m# StepDefinition.LoginStepDefinition.user_provides_the_valid_password()&amp#27;[0m
  &amp#27;[32mAnd &amp#27;[0m&amp#27;[32mUser clicks the login button&amp#27;[0m             &amp#27;[90m# StepDefinition.LoginStepDefinition.user_clicks_the_login_button()&amp#27;[0m
  &amp#27;[32mThen &amp#27;[0m&amp#27;[32mI should see a dashboard&amp#27;[0m                &amp#27;[90m# StepDefinition.LoginStepDefinition.i_should_see_a_dashboard()&amp#27;[0m
  &amp#27;[32mAnd &amp#27;[0m&amp#27;[32mClose the application&amp#27;[0m                    &amp#27;[90m# StepDefinition.LoginStepDefinition.close_the_application()&amp#27;[0m
]]></system-out>
    <system-err><![CDATA[SLF4J(W): No SLF4J providers were found.
SLF4J(W): Defaulting to no-operation (NOP) logger implementation
SLF4J(W): See https://www.slf4j.org/codes.html#noProviders for further details.
]]></system-err>
  </testcase>
  <testcase name="runScenario[&quot;Login Feature with Invalid credentials&quot;, &quot;Login Feature&quot;](2)" classname="Runner.LoginRunnerFile" time="3.553">
    <system-out><![CDATA[
@LoginPagee @InvalidCredentials
Scenario: Login Feature with Invalid credentials &amp#27;[90m# src/test/resources/features/Login.feature:13&amp#27;[0m
  &amp#27;[32mGiven &amp#27;[0m&amp#27;[32mI am in the SauceDemo Login Page&amp#27;[0m         &amp#27;[90m# StepDefinition.LoginStepDefinition.i_am_in_the_sauce_demo_login_page()&amp#27;[0m
  &amp#27;[32mWhen &amp#27;[0m&amp#27;[32mUser does not provides the User name&amp#27;[0m      &amp#27;[90m# StepDefinition.LoginStepDefinition.user_does_not_provides_the_user_name()&amp#27;[0m
  &amp#27;[32mAnd &amp#27;[0m&amp#27;[32mUser provides the valid password&amp#27;[0m           &amp#27;[90m# StepDefinition.LoginStepDefinition.user_provides_the_valid_password()&amp#27;[0m
  &amp#27;[32mAnd &amp#27;[0m&amp#27;[32mUser clicks the login button&amp#27;[0m               &amp#27;[90m# StepDefinition.LoginStepDefinition.user_clicks_the_login_button()&amp#27;[0m
  &amp#27;[32mThen &amp#27;[0m&amp#27;[32mI should see the error message&amp#27;[0m            &amp#27;[90m# StepDefinition.LoginStepDefinition.i_should_see_the_error_message()&amp#27;[0m
  &amp#27;[32mAnd &amp#27;[0m&amp#27;[32mClose the application&amp#27;[0m                      &amp#27;[90m# StepDefinition.LoginStepDefinition.close_the_application()&amp#27;[0m
]]></system-out>
  </testcase>
  <testcase name="runScenario[&quot;Login Feature with Invalid credentials&quot;, &quot;Login Feature&quot;](3)" classname="Runner.LoginRunnerFile" time="3.529">
    <system-out><![CDATA[
@LoginPagee @InvalidCredentials
Scenario: Login Feature with Invalid credentials &amp#27;[90m# src/test/resources/features/Login.feature:22&amp#27;[0m
  &amp#27;[32mGiven &amp#27;[0m&amp#27;[32mI am in the SauceDemo Login Page&amp#27;[0m         &amp#27;[90m# StepDefinition.LoginStepDefinition.i_am_in_the_sauce_demo_login_page()&amp#27;[0m
  &amp#27;[32mWhen &amp#27;[0m&amp#27;[32mUser provides the valid User name&amp#27;[0m         &amp#27;[90m# StepDefinition.LoginStepDefinition.user_provides_the_valid_user_name()&amp#27;[0m
  &amp#27;[32mAnd &amp#27;[0m&amp#27;[32mUser does not provide the password&amp#27;[0m         &amp#27;[90m# StepDefinition.LoginStepDefinition.user_does_not_provide_the_password()&amp#27;[0m
  &amp#27;[32mAnd &amp#27;[0m&amp#27;[32mUser clicks the login button&amp#27;[0m               &amp#27;[90m# StepDefinition.LoginStepDefinition.user_clicks_the_login_button()&amp#27;[0m
  &amp#27;[32mThen &amp#27;[0m&amp#27;[32mI should see the error messagee&amp#27;[0m           &amp#27;[90m# StepDefinition.LoginStepDefinition.i_should_see_the_error_messagee()&amp#27;[0m
  &amp#27;[32mAnd &amp#27;[0m&amp#27;[32mClose the application&amp#27;[0m                      &amp#27;[90m# StepDefinition.LoginStepDefinition.close_the_application()&amp#27;[0m
]]></system-out>
  </testcase>
  <testcase name="runScenario[&quot;Login Feature with Invalid credentials&quot;, &quot;Login Feature&quot;](4)" classname="Runner.LoginRunnerFile" time="4.206">
    <system-out><![CDATA[
@LoginPagee @InvalidCredentials
Scenario: Login Feature with Invalid credentials &amp#27;[90m# src/test/resources/features/Login.feature:31&amp#27;[0m
  &amp#27;[32mGiven &amp#27;[0m&amp#27;[32mI am in the SauceDemo Login Page&amp#27;[0m         &amp#27;[90m# StepDefinition.LoginStepDefinition.i_am_in_the_sauce_demo_login_page()&amp#27;[0m
  &amp#27;[32mWhen &amp#27;[0m&amp#27;[32mUser provides Invalid User name&amp#27;[0m           &amp#27;[90m# StepDefinition.LoginStepDefinition.user_provides_invalid_user_name()&amp#27;[0m
  &amp#27;[32mAnd &amp#27;[0m&amp#27;[32mUser provides Invalid password&amp#27;[0m             &amp#27;[90m# StepDefinition.LoginStepDefinition.user_provides_invalid_password()&amp#27;[0m
  &amp#27;[32mAnd &amp#27;[0m&amp#27;[32mUser clicks the login button&amp#27;[0m               &amp#27;[90m# StepDefinition.LoginStepDefinition.user_clicks_the_login_button()&amp#27;[0m
  &amp#27;[32mThen &amp#27;[0m&amp#27;[32mI should see the error messagee3&amp#27;[0m          &amp#27;[90m# StepDefinition.LoginStepDefinition.i_should_see_the_error_messagee3()&amp#27;[0m
  &amp#27;[32mAnd &amp#27;[0m&amp#27;[32mClose the application&amp#27;[0m                      &amp#27;[90m# StepDefinition.LoginStepDefinition.close_the_application()&amp#27;[0m
]]></system-out>
  </testcase>
</testsuite>