<?xml version="1.0" encoding="UTF-8"?>
<testng-results ignored="0" total="0" passed="0" failed="0" skipped="0">
  <reporter-output>
  </reporter-output>
  <suite started-at="2025-04-02T15:38:41 IST" name="Suite" finished-at="2025-04-02T15:38:42 IST" duration-ms="388">
    <groups>
      <group name="cucumber">
        <method signature="AbstractTestNGCucumberTests.runScenario(io.cucumber.testng.PickleWrapper,io.cucumber.testng.FeatureWrapper)[pri:0, instance:Runner.LoginRunnerFile@4f83df68]" name="runScenario" class="io.cucumber.testng.AbstractTestNGCucumberTests"/>
      </group> <!-- cucumber -->
    </groups>
    <test started-at="2025-04-02T15:38:41 IST" name="Test" finished-at="2025-04-02T15:38:42 IST" duration-ms="388">
      <class name="Runner.LoginRunnerFile">
        <test-method is-config="true" signature="setUpClass(org.testng.ITestContext)[pri:0, instance:Runner.LoginRunnerFile@4f83df68]" started-at="2025-04-02T15:38:41 IST" name="setUpClass" finished-at="2025-04-02T15:38:42 IST" duration-ms="320" status="PASS">
          <params>
            <param index="0">
              <value>
                <![CDATA[org.testng.TestRunner@3dd1dc90]]>
              </value>
            </param>
          </params>
          <reporter-output>
          </reporter-output>
        </test-method> <!-- setUpClass -->
        <test-method is-config="true" signature="tearDownClass()[pri:0, instance:Runner.LoginRunnerFile@4f83df68]" started-at="2025-04-02T15:38:42 IST" name="tearDownClass" finished-at="2025-04-02T15:38:42 IST" duration-ms="36" status="PASS">
          <reporter-output>
          </reporter-output>
        </test-method> <!-- tearDownClass -->
      </class> <!-- Runner.LoginRunnerFile -->
    </test> <!-- Test -->
  </suite> <!-- Suite -->
</testng-results>
