<?xml version="1.0" encoding="UTF-8"?>
<testng-results ignored="0" total="4" passed="4" failed="0" skipped="0">
  <reporter-output>
  </reporter-output>
  <suite started-at="2025-04-01T21:49:58 IST" name="Suite" finished-at="2025-04-01T21:50:07 IST" duration-ms="8871">
    <groups>
      <group name="cucumber">
        <method signature="AbstractTestNGCucumberTests.runScenario(io.cucumber.testng.PickleWrapper,io.cucumber.testng.FeatureWrapper)[pri:0, instance:Runner.LoginRunnerFile@45c7e403]" name="runScenario" class="io.cucumber.testng.AbstractTestNGCucumberTests"/>
      </group> <!-- cucumber -->
    </groups>
    <test started-at="2025-04-01T21:49:58 IST" name="Test" finished-at="2025-04-01T21:50:07 IST" duration-ms="8871">
      <class name="Runner.LoginRunnerFile">
        <test-method is-config="true" signature="setUpClass(org.testng.ITestContext)[pri:0, instance:Runner.LoginRunnerFile@45c7e403]" started-at="2025-04-01T21:49:58 IST" name="setUpClass" finished-at="2025-04-01T21:49:58 IST" duration-ms="436" status="PASS">
          <params>
            <param index="0">
              <value>
                <![CDATA[org.testng.TestRunner@383864d5]]>
              </value>
            </param>
          </params>
          <reporter-output>
          </reporter-output>
        </test-method> <!-- setUpClass -->
        <test-method signature="runScenario(io.cucumber.testng.PickleWrapper,io.cucumber.testng.FeatureWrapper)[pri:0, instance:Runner.LoginRunnerFile@45c7e403]" started-at="2025-04-01T21:49:58 IST" name="runScenario" description="Runs Cucumber Scenarios" data-provider="scenarios" finished-at="2025-04-01T21:50:01 IST" duration-ms="3142" status="PASS">
          <params>
            <param index="0">
              <value>
                <![CDATA["Login Feature with valid credentials"]]>
              </value>
            </param>
            <param index="1">
              <value>
                <![CDATA["Login Feature"]]>
              </value>
            </param>
          </params>
          <reporter-output>
          </reporter-output>
        </test-method> <!-- runScenario -->
        <test-method signature="runScenario(io.cucumber.testng.PickleWrapper,io.cucumber.testng.FeatureWrapper)[pri:0, instance:Runner.LoginRunnerFile@45c7e403]" started-at="2025-04-01T21:50:01 IST" name="runScenario" description="Runs Cucumber Scenarios" data-provider="scenarios" finished-at="2025-04-01T21:50:03 IST" duration-ms="1623" status="PASS">
          <params>
            <param index="0">
              <value>
                <![CDATA["Login Feature with Invalid credentials"]]>
              </value>
            </param>
            <param index="1">
              <value>
                <![CDATA["Login Feature"]]>
              </value>
            </param>
          </params>
          <reporter-output>
          </reporter-output>
        </test-method> <!-- runScenario -->
        <test-method signature="runScenario(io.cucumber.testng.PickleWrapper,io.cucumber.testng.FeatureWrapper)[pri:0, instance:Runner.LoginRunnerFile@45c7e403]" started-at="2025-04-01T21:50:03 IST" name="runScenario" description="Runs Cucumber Scenarios" data-provider="scenarios" finished-at="2025-04-01T21:50:05 IST" duration-ms="1896" status="PASS">
          <params>
            <param index="0">
              <value>
                <![CDATA["Login Feature with Invalid credentials"]]>
              </value>
            </param>
            <param index="1">
              <value>
                <![CDATA["Login Feature"]]>
              </value>
            </param>
          </params>
          <reporter-output>
          </reporter-output>
        </test-method> <!-- runScenario -->
        <test-method signature="runScenario(io.cucumber.testng.PickleWrapper,io.cucumber.testng.FeatureWrapper)[pri:0, instance:Runner.LoginRunnerFile@45c7e403]" started-at="2025-04-01T21:50:05 IST" name="runScenario" description="Runs Cucumber Scenarios" data-provider="scenarios" finished-at="2025-04-01T21:50:06 IST" duration-ms="1718" status="PASS">
          <params>
            <param index="0">
              <value>
                <![CDATA["Login Feature with Invalid credentials"]]>
              </value>
            </param>
            <param index="1">
              <value>
                <![CDATA["Login Feature"]]>
              </value>
            </param>
          </params>
          <reporter-output>
          </reporter-output>
        </test-method> <!-- runScenario -->
        <test-method is-config="true" signature="tearDownClass()[pri:0, instance:Runner.LoginRunnerFile@45c7e403]" started-at="2025-04-01T21:50:06 IST" name="tearDownClass" finished-at="2025-04-01T21:50:07 IST" duration-ms="20" status="PASS">
          <reporter-output>
          </reporter-output>
        </test-method> <!-- tearDownClass -->
      </class> <!-- Runner.LoginRunnerFile -->
    </test> <!-- Test -->
  </suite> <!-- Suite -->
</testng-results>
